<?xml version="1.0" encoding="UTF-8"?>
<!-- Generated by org.testng.reporters.JUnitReportReporter -->
<testsuite hostname="MD-DESK" failures="0" tests="3" name="com.tutorialsninja.qa.testcases.SearchProductTest" time="21.763" errors="0" timestamp="2023-06-08T13:40:08 EDT" skipped="0">
  <testcase classname="com.tutorialsninja.qa.testcases.SearchProductTest" name="verifySearchWithValidProduct" time="8.316"/>
  <system-out/>
  <testcase classname="com.tutorialsninja.qa.testcases.SearchProductTest" name="verifySearchWithInValidProduct" time="7.919"/>
  <system-out/>
  <testcase classname="com.tutorialsninja.qa.testcases.SearchProductTest" name="verifySearchWithNoProduct" time="5.528"/>
  <system-out/>
</testsuite> <!-- com.tutorialsninja.qa.testcases.SearchProductTest -->
